[0918/103830.146:ERROR:file_io_win.cc(179)] CreateFile C:\Users\HP GAMING\AppData\Local\Google\Chrome\User Data\Crashpad\settings.dat: Access is denied. (0x5)
[0918/103830.154:ERROR:registration_protocol_win.cc(131)] TransactNamedPipe: The pipe has been ended. (0x6D)
[0918/103830.155:ERROR:file_io_win.cc(179)] CreateFile C:\Users\HP GAMING\AppData\Local\Google\Chrome\User Data\Crashpad\settings.dat: Access is denied. (0x5)
[0920/075727.278:ERROR:file_io_win.cc(179)] CreateFile C:\Users\HP GAMING\AppData\Local\Google\Chrome\User Data\Crashpad\settings.dat: Access is denied. (0x5)
[0920/075727.292:ERROR:registration_protocol_win.cc(131)] TransactNamedPipe: The pipe has been ended. (0x6D)
[0920/075727.294:ERROR:file_io_win.cc(179)] CreateFile C:\Users\HP GAMING\AppData\Local\Google\Chrome\User Data\Crashpad\settings.dat: Access is denied. (0x5)
[0925/102652.396:ERROR:file_io_win.cc(179)] CreateFile C:\Users\HP GAMING\AppData\Local\Google\Chrome\User Data\Crashpad\settings.dat: Access is denied. (0x5)
[0925/102652.513:ERROR:registration_protocol_win.cc(131)] TransactNamedPipe: The pipe has been ended. (0x6D)
[0925/102652.515:ERROR:file_io_win.cc(179)] CreateFile C:\Users\HP GAMING\AppData\Local\Google\Chrome\User Data\Crashpad\settings.dat: Access is denied. (0x5)
[0925/103913.705:ERROR:file_io_win.cc(179)] CreateFile C:\Users\HP GAMING\AppData\Local\Google\Chrome\User Data\Crashpad\settings.dat: Access is denied. (0x5)
[0925/103913.729:ERROR:registration_protocol_win.cc(131)] TransactNamedPipe: The pipe has been ended. (0x6D)
[0925/103913.731:ERROR:file_io_win.cc(179)] CreateFile C:\Users\HP GAMING\AppData\Local\Google\Chrome\User Data\Crashpad\settings.dat: Access is denied. (0x5)
[0929/100944.278:ERROR:file_io_win.cc(179)] CreateFile C:\Users\HP GAMING\AppData\Local\Google\Chrome\User Data\Crashpad\settings.dat: Access is denied. (0x5)
[0929/100944.303:ERROR:registration_protocol_win.cc(131)] TransactNamedPipe: The pipe has been ended. (0x6D)
[0929/100944.305:ERROR:file_io_win.cc(179)] CreateFile C:\Users\HP GAMING\AppData\Local\Google\Chrome\User Data\Crashpad\settings.dat: Access is denied. (0x5)
[1005/083917.274:ERROR:file_io_win.cc(179)] CreateFile C:\Users\HP GAMING\AppData\Local\Google\Chrome\User Data\Crashpad\settings.dat: Access is denied. (0x5)
[1005/083917.284:ERROR:registration_protocol_win.cc(131)] TransactNamedPipe: The pipe has been ended. (0x6D)
[1005/083917.285:ERROR:file_io_win.cc(179)] CreateFile C:\Users\HP GAMING\AppData\Local\Google\Chrome\User Data\Crashpad\settings.dat: Access is denied. (0x5)
[1005/120231.236:ERROR:file_io.cc(90)] ReadExactly: expected 36, observed 0
[1019/135633.151:ERROR:filesystem_win.cc(129)] GetFileAttributes C:\Users\Win 10\AppData\Local\Google\Chrome\User Data\Crashpad\attachments\44e27505-af7f-49b8-babb-72b1fb06e261: The system cannot find the path specified. (0x3)
[1019/135633.252:ERROR:filesystem_win.cc(129)] GetFileAttributes C:\Users\Win 10\AppData\Local\Google\Chrome\User Data\Crashpad\attachments\daed012d-f38d-4635-8433-5ab6bc9a8e97: The system cannot find the path specified. (0x3)
[1019/135633.253:ERROR:directory_reader_win.cc(43)] FindFirstFile: The system cannot find the path specified. (0x3)
